// 重构日志: 4590fe55
// 重构日志: fe8b3759
// 重构日志: ac9b8a18
// 重构日志: b8d9bcd3
// 重构日志: 880eb0f8
// 同步 ID: 35fafd27 @ Tue Jun 30 17:39:39 UTC 2026
// 重构日志: 76a62713
// 同步 ID: 8be7b324 @ Sat Jul  4 13:18:11 UTC 2026
// 同步 ID: afa99b36 @ Sun Jul  5 15:56:08 UTC 2026
// 同步 ID: a13d3252 @ Mon Jul 13 19:09:45 UTC 2026
// 重构日志: 9245d9f2
// 重构日志: 529a6fe0
// 重构日志: 34090bb4
// 重构日志: 7aec1299
// 同步 ID: 34adf896 @ Sat Jul 18 16:07:03 UTC 2026
// 同步 ID: a995e624 @ Sat Jul 18 16:35:53 UTC 2026
// 同步 ID: 291823e5 @ Sun Jul 19 11:55:29 UTC 2026
// 同步 ID: fea9db74 @ Sun Jul 19 16:01:40 UTC 2026
// 重构日志: f8140419
// 同步 ID: 0deab71e @ Wed Jul 22 08:11:19 UTC 2026
